<?xml version="1.0" encoding="UTF-8"?>
<testsuites>
  <testsuite name="/Users/mennotempelaar/Documents/Projects/made-foryou/filament-news-package/phpunit.xml.dist" tests="5" assertions="6" errors="0" failures="0" skipped="0" time="0.202214">
    <testsuite name="Made Test Suite" tests="5" assertions="6" errors="0" failures="0" skipped="0" time="0.202214">
      <testsuite name="P\Tests\Unit\PostTest" file="/Users/mennotempelaar/Documents/Projects/made-foryou/filament-news-package/vendor/pestphp/pest/src/Factories/TestCaseFactory.php(196) : eval()'d code" tests="2" assertions="3" errors="0" failures="0" skipped="0" time="0.180572">
        <testcase name="__pest_evaluable_it_can_have_a_main_category" file="/Users/mennotempelaar/Documents/Projects/made-foryou/filament-news-package/vendor/pestphp/pest/src/Factories/TestCaseFactory.php(196) : eval()'d code" line="37" class="P\Tests\Unit\PostTest" classname="P.Tests.Unit.PostTest" assertions="2" time="0.172988"/>
        <testcase name="__pest_evaluable_it_can_be_inserted_into_the_database" file="/Users/mennotempelaar/Documents/Projects/made-foryou/filament-news-package/vendor/pestphp/pest/src/Factories/TestCaseFactory.php(196) : eval()'d code" line="22" class="P\Tests\Unit\PostTest" classname="P.Tests.Unit.PostTest" assertions="1" time="0.007584"/>
      </testsuite>
      <testsuite name="P\Tests\Unit\ConfigTest" file="/Users/mennotempelaar/Documents/Projects/made-foryou/filament-news-package/vendor/pestphp/pest/src/Factories/TestCaseFactory.php(196) : eval()'d code" tests="3" assertions="3" errors="0" failures="0" skipped="0" time="0.021642">
        <testcase name="__pest_evaluable_it_contains_a_use__main__category_setting" file="/Users/mennotempelaar/Documents/Projects/made-foryou/filament-news-package/vendor/pestphp/pest/src/Factories/TestCaseFactory.php(196) : eval()'d code" line="37" class="P\Tests\Unit\ConfigTest" classname="P.Tests.Unit.ConfigTest" assertions="1" time="0.007665"/>
        <testcase name="__pest_evaluable_it_contains_a_use__categories_setting" file="/Users/mennotempelaar/Documents/Projects/made-foryou/filament-news-package/vendor/pestphp/pest/src/Factories/TestCaseFactory.php(196) : eval()'d code" line="52" class="P\Tests\Unit\ConfigTest" classname="P.Tests.Unit.ConfigTest" assertions="1" time="0.006848"/>
        <testcase name="__pest_evaluable_it_contains_a_database_prefix_value" file="/Users/mennotempelaar/Documents/Projects/made-foryou/filament-news-package/vendor/pestphp/pest/src/Factories/TestCaseFactory.php(196) : eval()'d code" line="22" class="P\Tests\Unit\ConfigTest" classname="P.Tests.Unit.ConfigTest" assertions="1" time="0.007129"/>
      </testsuite>
    </testsuite>
  </testsuite>
</testsuites>
